<?xml version="1.0" encoding="UTF-8"?>
<testsuite name="com.telran.repeat.tests.GroupModificationTest" tests="2" skipped="2" failures="0" errors="0" timestamp="2018-10-10T07:23:28" hostname="MacBook-Pro-de-Deborah.local" time="0.001">
  <properties/>
  <testcase name="testEmptyGroupModification" classname="com.telran.repeat.tests.GroupModificationTest" time="0.0">
    <skipped/>
  </testcase>
  <testcase name="testGroupModification" classname="com.telran.repeat.tests.GroupModificationTest" time="0.0">
    <skipped/>
  </testcase>
  <system-out><![CDATA[]]></system-out>
  <system-err><![CDATA[]]></system-err>
</testsuite>
