<?xml version="1.0" encoding="UTF-8"?>
<testsuite name="com.telran.repeat.tests.GroupDeletionTest" tests="2" skipped="2" failures="0" errors="0" timestamp="2018-10-10T07:23:28" hostname="MacBook-Pro-de-Deborah.local" time="0.0">
  <properties/>
  <testcase name="testFirstGroupDeletion" classname="com.telran.repeat.tests.GroupDeletionTest" time="0.0">
    <skipped/>
  </testcase>
  <testcase name="testLastGroupDeletion" classname="com.telran.repeat.tests.GroupDeletionTest" time="0.0">
    <skipped/>
  </testcase>
  <system-out><![CDATA[]]></system-out>
  <system-err><![CDATA[]]></system-err>
</testsuite>
